[15:33:38] [main/INFO] (FabricLoader) Loading for game Minecraft 1.16.1
[15:33:38] [main/INFO] (Fabric|Loader) [FabricLoader] Loading 41 mods: fabric-renderer-api-v1@0.2.13+eae12eb802, fabric-screen-handler-api-v1@1.0.1+f362c86e02, minecraft@1.16.1, fabric-networking-blockentity-v0@0.2.5+b50ffc7b02, fabric-keybindings-v0@0.2.0+3fa9f7c502, fabric-command-api-v1@1.0.8+5ce5339802, fabricloader@0.8.9+build.203, fabric-tool-attribute-api-v1@1.1.4+5794386e02, fabric-renderer-indigo@0.3.2+4d66bed502, fabric-containers-v0@0.1.8+045df74f02, fabric-object-builder-api-v1@1.5.5+e00ecb5f02, fabric-dimensions-v1@1.0.0+a71b305302, fabric-biomes-v1@0.2.7+059ea86602, fabric-item-api-v1@1.0.0+16acbe5b02, fabric-events-interaction-v0@0.3.3+7066030f02, fabric-crash-report-info-v1@0.1.2+b7f9825d02, fabric-api-base@0.1.3+12a8474c02, fabric-rendering-v0@1.1.0+5341049002, fabric-key-binding-api-v1@1.0.0+e16a977402, fabric-rendering-v1@1.1.2+346247d702, fabric-rendering-data-attachment-v1@0.1.3+b7f9825d02, fabric-resource-loader-v0@0.2.6+f41e209802, fabric-textures-v0@1.0.4+eae12eb802, fabric-content-registries-v0@0.1.9+059ea86602, fabric-tag-extensions-v0@0.2.7+a4c57d8e02, fabric-rendering-fluids-v1@0.1.8+b7084faa02, fabric-registry-sync-v0@0.3.8+7dba2d6c02, fabric-commands-v0@0.2.0+52d3083602, fabric-blockrenderlayer-v1@1.1.4+c6a8ea8902, fabric-lifecycle-events-v1@1.0.0+b0993bc102, fabric-mining-levels-v0@0.1.2+b764ce9902, fabric-renderer-registries-v1@2.0.1+5a0f9a6002, fabric-loot-tables-v1@0.1.10+059ea86602, fabric-events-lifecycle-v0@0.2.0+16acbe5b02, fabric@0.14.1+build.372-1.16, fabric-particles-v1@0.2.1+0a6f2a7002, fabric-item-groups-v0@0.2.0+438f963602, fabric-models-v0@0.1.0+dfdb52d602, fabric-object-builders-v0@0.6.0+da175ad602, crystalmod@${version}, fabric-networking-v0@0.1.10+e00ecb5f02
[15:33:38] [main/WARN] (Fabric|Loader) Mod `crystalmod` (${version}) does not respect SemVer - comparison support is limited.
[15:33:38] [main/INFO] (mixin) SpongePowered MIXIN Subsystem Version=0.8 Source=file:/C:/Users/johnd/.gradle/caches/modules-2/files-2.1/net.fabricmc/sponge-mixin/0.8+build.18/af077ad2845a00cde186fa2c99c4dd32bd2a2766/sponge-mixin-0.8+build.18.jar Service=Knot/Fabric Env=CLIENT
[15:33:38] [main/INFO] (Fabric|MixinBootstrap) Loaded Fabric development mappings for mixin remapper!
[15:33:38] [main/INFO] (mixin) Remapping refMap fabric-networking-v0-refmap.json using remapper chain
[15:33:38] [main/INFO] (mixin) Remapping refMap fabric-networking-blockentity-v0-refmap.json using remapper chain
[15:33:38] [main/INFO] (mixin) Remapping refMap fabric-biomes-v1-refmap.json using remapper chain
[15:33:38] [main/INFO] (mixin) Remapping refMap fabric-screen-handler-api-v1-refmap.json using remapper chain
[15:33:38] [main/INFO] (mixin) Remapping refMap fabric-lifecycle-events-v1-refmap.json using remapper chain
[15:33:38] [main/INFO] (mixin) Remapping refMap fabric-containers-v0-refmap.json using remapper chain
[15:33:38] [main/INFO] (mixin) Remapping refMap fabric-renderer-indigo-refmap.json using remapper chain
[15:33:38] [main/INFO] (mixin) Remapping refMap fabric-rendering-data-attachment-v1-refmap.json using remapper chain
[15:33:38] [main/INFO] (mixin) Remapping refMap fabric-item-api-v1-refmap.json using remapper chain
[15:33:38] [main/INFO] (mixin) Remapping refMap fabric-events-interaction-v0-refmap.json using remapper chain
[15:33:38] [main/INFO] (mixin) Remapping refMap fabric-loot-tables-v1-refmap.json using remapper chain
[15:33:38] [main/INFO] (mixin) Remapping refMap fabric-object-builder-api-v1-refmap.json using remapper chain
[15:33:38] [main/INFO] (mixin) Remapping refMap fabric-dimensions-v1-refmap.json using remapper chain
[15:33:38] [main/INFO] (mixin) Remapping refMap fabric-renderer-registries-v1-refmap.json using remapper chain
[15:33:38] [main/INFO] (mixin) Remapping refMap fabric-textures-v0-refmap.json using remapper chain
[15:33:38] [main/INFO] (mixin) Remapping refMap fabric-registry-sync-v0-refmap.json using remapper chain
[15:33:38] [main/INFO] (mixin) Remapping refMap fabric-models-v0-refmap.json using remapper chain
[15:33:38] [main/INFO] (mixin) Remapping refMap fabric-blockrenderlayer-v1-refmap.json using remapper chain
[15:33:38] [main/INFO] (mixin) Remapping refMap fabric-renderer-api-v1-refmap.json using remapper chain
[15:33:38] [main/INFO] (mixin) Remapping refMap fabric-containers-v0-refmap.json using remapper chain
[15:33:38] [main/INFO] (mixin) Remapping refMap fabric-rendering-fluids-v1-refmap.json using remapper chain
[15:33:38] [main/INFO] (mixin) Remapping refMap fabric-resource-loader-v0-refmap.json using remapper chain
[15:33:38] [main/INFO] (mixin) Remapping refMap fabric-particles-v1-refmap.json using remapper chain
[15:33:38] [main/INFO] (mixin) Remapping refMap fabric-object-builders-refmap.json using remapper chain
[15:33:38] [main/INFO] (mixin) Remapping refMap fabric-tag-extensions-v0-refmap.json using remapper chain
[15:33:38] [main/INFO] (mixin) Remapping refMap fabric-tool-attribute-api-v1-refmap.json using remapper chain
[15:33:38] [main/INFO] (mixin) Remapping refMap fabric-rendering-v1-refmap.json using remapper chain
[15:33:38] [main/INFO] (mixin) Remapping refMap fabric-item-groups-v0-refmap.json using remapper chain
[15:33:38] [main/INFO] (mixin) Remapping refMap fabric-content-registries-v0-refmap.json using remapper chain
[15:33:38] [main/INFO] (mixin) Remapping refMap fabric-command-api-v1-refmap.json using remapper chain
[15:33:38] [main/INFO] (mixin) Remapping refMap fabric-crash-report-info-v1-refmap.json using remapper chain
[15:33:38] [main/INFO] (mixin) Remapping refMap fabric-key-binding-api-v1-refmap.json using remapper chain
[15:33:38] [main/INFO] (mixin) Remapping refMap fabric-renderer-api-v1-refmap.json using remapper chain
[15:33:38] [main/WARN] (mixin) @Mixin target net/minecraft/server/world/ThreadedAnvilChunkStorage$EntityTracker is public in fabric-networking-v0.mixins.json:MixinEntityTracker and should be specified in value
[15:33:38] [main/WARN] (mixin) @Mixin target net/minecraft/client/render/block/BlockModelRenderer$AmbientOcclusionCalculator is public in fabric-renderer-indigo.mixins.json:MixinAmbientOcclusionCalculator and should be specified in value
[15:33:38] [main/WARN] (mixin) @Mixin target net/minecraft/client/render/chunk/ChunkBuilder$BuiltChunk$RebuildTask is public in fabric-renderer-indigo.mixins.json:MixinChunkRebuildTask and should be specified in value
[15:33:39] [main/WARN] (mixin) @Mixin target net/minecraft/client/particle/ParticleManager$SimpleSpriteProvider is public in fabric-particles-v1.mixins.json:ParticleManagerAccessor$SimpleSpriteProviderAccessor and should be specified in value
[15:33:39] [main/WARN] (mixin) @Mixin target net/minecraft/tag/Tag$1 is public in fabric-tag-extensions-v0.mixins.json:MixinTagImpl and should be specified in value
[15:33:43] [main/INFO] (Minecraft) Environment: authHost='https://authserver.mojang.com', accountsHost='https://api.mojang.com', sessionHost='https://sessionserver.mojang.com', name='PROD'
[15:33:43] [main/INFO] (Minecraft) Setting user: Player380
[15:33:43] [main/INFO] (Indigo) [Indigo] Registering Indigo renderer!
[15:33:44] [main/INFO] (Minecraft) Backend library: LWJGL version 3.2.2 build 10
[15:33:45] [main/INFO] (Minecraft) Narrator library for x64 successfully loaded
[15:33:45] [main/INFO] (Minecraft) Reloading ResourceManager: Default, Fabric Renderer API (v1), Fabric Screen Handler API (v1), Fabric Networking Block Entity (v0), Fabric Key Bindings (v0), Fabric Tool Attribute API (v1), Fabric Renderer - Indigo, Fabric Containers (v0), Fabric Object Builder API (v1), Fabric Biomes (v1), Fabric Item API (v1), Fabric Events Interaction (v0), Fabric Crash Report Info (v1), Fabric API Base, Fabric Rendering (v0), Fabric Key Binding API (v1), Fabric Rendering (v1), Fabric Rendering Data Attachment (v1), Fabric Resource Loader (v0), Fabric Textures (v0), Fabric Content Registries (v0), Fabric Tag Extensions (v0), Fabric Rendering Fluids (v1), Fabric Registry Sync (v0), Fabric BlockRenderLayer Registration (v1), Fabric Lifecycle Events (v1), Fabric Mining Levels (v0), Fabric Renderer Registries (v1), Fabric Loot Tables (v1), Fabric Events Lifecycle (v0), Fabric API, Fabric Item Groups (v0), Fabric Models (v0), Fabric Object Builders (v0), Crystal Mod, Fabric Networking (v0)
[15:33:47] [Realms Notification Availability checker #1/INFO] (Minecraft) Could not authorize you against Realms server: Invalid session id
[15:33:52] [Worker-Main-12/WARN] (Minecraft) Unable to load model: 'crystalmod:polishingtable#inventory' referenced from: crystalmod:polishingtable#inventory: java.io.FileNotFoundException: crystalmod:models/item/polishingtable.json
[15:33:54] [main/INFO] (Minecraft) OpenAL initialized.
[15:33:54] [main/INFO] (Minecraft) Sound engine started
[15:33:55] [main/INFO] (Minecraft) Created: 1024x1024x4 minecraft:textures/atlas/blocks.png-atlas
[15:33:55] [main/INFO] (Minecraft) Created: 256x128x4 minecraft:textures/atlas/signs.png-atlas
[15:33:55] [main/INFO] (Minecraft) Created: 1024x512x4 minecraft:textures/atlas/banner_patterns.png-atlas
[15:33:55] [main/INFO] (Minecraft) Created: 1024x512x4 minecraft:textures/atlas/shield_patterns.png-atlas
[15:33:55] [main/INFO] (Minecraft) Created: 256x256x4 minecraft:textures/atlas/chest.png-atlas
[15:33:55] [main/INFO] (Minecraft) Created: 512x256x4 minecraft:textures/atlas/beds.png-atlas
[15:33:55] [main/INFO] (Minecraft) Created: 512x256x4 minecraft:textures/atlas/shulker_boxes.png-atlas
[15:33:55] [main/INFO] (Minecraft) Created: 256x256x0 minecraft:textures/atlas/particles.png-atlas
[15:33:55] [main/INFO] (Minecraft) Created: 256x256x0 minecraft:textures/atlas/paintings.png-atlas
[15:33:55] [main/INFO] (Minecraft) Created: 256x128x0 minecraft:textures/atlas/mob_effects.png-atlas
[15:34:49] [main/WARN] (Minecraft) Ambiguity between arguments [teleport, destination] and [teleport, targets] with inputs: [Player, 0123, @e, dd12be42-52a9-4a91-a8a1-11c01849e498]
[15:34:49] [main/WARN] (Minecraft) Ambiguity between arguments [teleport, location] and [teleport, destination] with inputs: [0.1 -0.5 .9, 0 0 0]
[15:34:49] [main/WARN] (Minecraft) Ambiguity between arguments [teleport, location] and [teleport, targets] with inputs: [0.1 -0.5 .9, 0 0 0]
[15:34:49] [main/WARN] (Minecraft) Ambiguity between arguments [teleport, targets] and [teleport, destination] with inputs: [Player, 0123, dd12be42-52a9-4a91-a8a1-11c01849e498]
[15:34:49] [main/WARN] (Minecraft) Ambiguity between arguments [teleport, targets, location] and [teleport, targets, destination] with inputs: [0.1 -0.5 .9, 0 0 0]
[15:34:49] [main/INFO] (Minecraft) Reloading ResourceManager: Default, Fabric Renderer API (v1), Fabric Screen Handler API (v1), Fabric Networking Block Entity (v0), Fabric Key Bindings (v0), Fabric Tool Attribute API (v1), Fabric Renderer - Indigo, Fabric Containers (v0), Fabric Object Builder API (v1), Fabric Biomes (v1), Fabric Item API (v1), Fabric Events Interaction (v0), Fabric Crash Report Info (v1), Fabric API Base, Fabric Rendering (v0), Fabric Key Binding API (v1), Fabric Rendering (v1), Fabric Rendering Data Attachment (v1), Fabric Resource Loader (v0), Fabric Textures (v0), Fabric Content Registries (v0), Fabric Tag Extensions (v0), Fabric Rendering Fluids (v1), Fabric Registry Sync (v0), Fabric BlockRenderLayer Registration (v1), Fabric Lifecycle Events (v1), Fabric Mining Levels (v0), Fabric Renderer Registries (v1), Fabric Loot Tables (v1), Fabric Events Lifecycle (v0), Fabric API, Fabric Item Groups (v0), Fabric Models (v0), Fabric Object Builders (v0), Crystal Mod, Fabric Networking (v0), Fabric Tool Attribute API (v1), Crystal Mod
[15:34:50] [main/ERROR] (Minecraft) Parsing error loading recipe crystalmod:ruby
com.google.gson.JsonSyntaxException: Unknown item 'minecraft:ruby'
	at net.minecraft.recipe.ShapedRecipe.method_17878(ShapedRecipe.java:233) ~[minecraft-1.16.1-mapped-net.fabricmc.yarn-1.16.1+build.10-v2.jar:?]
	at java.util.Optional.orElseThrow(Optional.java:401) ~[?:?]
	at net.minecraft.recipe.ShapedRecipe.getItemStack(ShapedRecipe.java:233) ~[minecraft-1.16.1-mapped-net.fabricmc.yarn-1.16.1+build.10-v2.jar:?]
	at net.minecraft.recipe.ShapedRecipe$Serializer.read(ShapedRecipe.java:254) ~[minecraft-1.16.1-mapped-net.fabricmc.yarn-1.16.1+build.10-v2.jar:?]
	at net.minecraft.recipe.ShapedRecipe$Serializer.read(ShapedRecipe.java:241) ~[minecraft-1.16.1-mapped-net.fabricmc.yarn-1.16.1+build.10-v2.jar:?]
	at net.minecraft.recipe.RecipeManager.deserialize(RecipeManager.java:123) ~[minecraft-1.16.1-mapped-net.fabricmc.yarn-1.16.1+build.10-v2.jar:?]
	at net.minecraft.recipe.RecipeManager.apply(RecipeManager.java:54) ~[minecraft-1.16.1-mapped-net.fabricmc.yarn-1.16.1+build.10-v2.jar:?]
	at net.minecraft.recipe.RecipeManager.apply(RecipeManager.java:35) ~[minecraft-1.16.1-mapped-net.fabricmc.yarn-1.16.1+build.10-v2.jar:?]
	at net.minecraft.resource.SinglePreparationResourceReloadListener.method_18790(SinglePreparationResourceReloadListener.java:13) ~[minecraft-1.16.1-mapped-net.fabricmc.yarn-1.16.1+build.10-v2.jar:?]
	at java.util.concurrent.CompletableFuture$UniAccept.tryFire(CompletableFuture.java:714) ~[?:?]
	at java.util.concurrent.CompletableFuture$Completion.run(CompletableFuture.java:478) ~[?:?]
	at net.minecraft.resource.ResourceReloader.method_18365(ResourceReloader.java:71) ~[minecraft-1.16.1-mapped-net.fabricmc.yarn-1.16.1+build.10-v2.jar:?]
	at net.minecraft.util.thread.ThreadExecutor.executeTask(ThreadExecutor.java:144) ~[minecraft-1.16.1-mapped-net.fabricmc.yarn-1.16.1+build.10-v2.jar:?]
	at net.minecraft.util.thread.ReentrantThreadExecutor.executeTask(ReentrantThreadExecutor.java:23) ~[minecraft-1.16.1-mapped-net.fabricmc.yarn-1.16.1+build.10-v2.jar:?]
	at net.minecraft.util.thread.ThreadExecutor.runTask(ThreadExecutor.java:118) ~[minecraft-1.16.1-mapped-net.fabricmc.yarn-1.16.1+build.10-v2.jar:?]
	at net.minecraft.util.thread.ThreadExecutor.runTasks(ThreadExecutor.java:127) ~[minecraft-1.16.1-mapped-net.fabricmc.yarn-1.16.1+build.10-v2.jar:?]
	at net.minecraft.client.MinecraftClient.method_29604(MinecraftClient.java:1904) ~[minecraft-1.16.1-mapped-net.fabricmc.yarn-1.16.1+build.10-v2.jar:?]
	at net.minecraft.client.MinecraftClient.startIntegratedServer(MinecraftClient.java:1754) ~[minecraft-1.16.1-mapped-net.fabricmc.yarn-1.16.1+build.10-v2.jar:?]
	at net.minecraft.client.MinecraftClient.startIntegratedServer(MinecraftClient.java:1698) ~[minecraft-1.16.1-mapped-net.fabricmc.yarn-1.16.1+build.10-v2.jar:?]
	at net.minecraft.client.gui.screen.world.WorldListWidget$Entry.start(WorldListWidget.java:408) ~[minecraft-1.16.1-mapped-net.fabricmc.yarn-1.16.1+build.10-v2.jar:?]
	at net.minecraft.client.gui.screen.world.WorldListWidget$Entry.play(WorldListWidget.java:319) ~[minecraft-1.16.1-mapped-net.fabricmc.yarn-1.16.1+build.10-v2.jar:?]
	at net.minecraft.client.gui.screen.world.WorldListWidget$Entry.mouseClicked(WorldListWidget.java:256) ~[minecraft-1.16.1-mapped-net.fabricmc.yarn-1.16.1+build.10-v2.jar:?]
	at net.minecraft.client.gui.widget.EntryListWidget.mouseClicked(EntryListWidget.java:331) ~[minecraft-1.16.1-mapped-net.fabricmc.yarn-1.16.1+build.10-v2.jar:?]
	at net.minecraft.client.gui.ParentElement.mouseClicked(ParentElement.java:27) ~[minecraft-1.16.1-mapped-net.fabricmc.yarn-1.16.1+build.10-v2.jar:?]
	at net.minecraft.client.Mouse.method_1611(Mouse.java:92) ~[minecraft-1.16.1-mapped-net.fabricmc.yarn-1.16.1+build.10-v2.jar:?]
	at net.minecraft.client.gui.screen.Screen.wrapScreenError(Screen.java:431) ~[minecraft-1.16.1-mapped-net.fabricmc.yarn-1.16.1+build.10-v2.jar:?]
	at net.minecraft.client.Mouse.onMouseButton(Mouse.java:92) ~[minecraft-1.16.1-mapped-net.fabricmc.yarn-1.16.1+build.10-v2.jar:?]
	at net.minecraft.client.Mouse.method_22686(Mouse.java:162) ~[minecraft-1.16.1-mapped-net.fabricmc.yarn-1.16.1+build.10-v2.jar:?]
	at net.minecraft.util.thread.ThreadExecutor.execute(ThreadExecutor.java:94) ~[minecraft-1.16.1-mapped-net.fabricmc.yarn-1.16.1+build.10-v2.jar:?]
	at net.minecraft.client.Mouse.method_22684(Mouse.java:162) ~[minecraft-1.16.1-mapped-net.fabricmc.yarn-1.16.1+build.10-v2.jar:?]
	at org.lwjgl.glfw.GLFWMouseButtonCallbackI.callback(GLFWMouseButtonCallbackI.java:36) [lwjgl-glfw-3.2.2.jar:build 10]
	at org.lwjgl.system.JNI.invokeV(Native Method) ~[lwjgl-3.2.2.jar:build 10]
	at org.lwjgl.glfw.GLFW.glfwPollEvents(GLFW.java:3101) [lwjgl-glfw-3.2.2.jar:build 10]
	at com.mojang.blaze3d.systems.RenderSystem.flipFrame(RenderSystem.java:109) [minecraft-1.16.1-mapped-net.fabricmc.yarn-1.16.1+build.10-v2.jar:?]
	at net.minecraft.client.util.Window.swapBuffers(Window.java:308) [minecraft-1.16.1-mapped-net.fabricmc.yarn-1.16.1+build.10-v2.jar:?]
	at net.minecraft.client.MinecraftClient.render(MinecraftClient.java:1041) [minecraft-1.16.1-mapped-net.fabricmc.yarn-1.16.1+build.10-v2.jar:?]
	at net.minecraft.client.MinecraftClient.run(MinecraftClient.java:654) [minecraft-1.16.1-mapped-net.fabricmc.yarn-1.16.1+build.10-v2.jar:?]
	at net.minecraft.client.main.Main.main(Main.java:215) [minecraft-1.16.1-mapped-net.fabricmc.yarn-1.16.1+build.10-v2.jar:?]
	at jdk.internal.reflect.NativeMethodAccessorImpl.invoke0(Native Method) ~[?:?]
	at jdk.internal.reflect.NativeMethodAccessorImpl.invoke(NativeMethodAccessorImpl.java:62) ~[?:?]
	at jdk.internal.reflect.DelegatingMethodAccessorImpl.invoke(DelegatingMethodAccessorImpl.java:43) ~[?:?]
	at java.lang.reflect.Method.invoke(Method.java:564) ~[?:?]
	at net.fabricmc.loader.game.MinecraftGameProvider.launch(MinecraftGameProvider.java:192) [fabric-loader-0.8.9+build.203@net.fabricmc.yarn.1_16_1.1.16.1+build.10-v2.jar:?]
	at net.fabricmc.loader.launch.knot.Knot.init(Knot.java:140) [fabric-loader-0.8.9+build.203@net.fabricmc.yarn.1_16_1.1.16.1+build.10-v2.jar:?]
	at net.fabricmc.loader.launch.knot.KnotClient.main(KnotClient.java:26) [fabric-loader-0.8.9+build.203@net.fabricmc.yarn.1_16_1.1.16.1+build.10-v2.jar:?]
	at net.fabricmc.devlaunchinjector.Main.main(Main.java:86) [dev-launch-injector-0.2.1+build.8.jar:?]
[15:34:50] [main/ERROR] (Minecraft) Parsing error loading recipe crystalmod:amethyst
com.google.gson.JsonSyntaxException: Unknown item 'minecraft:amethyst'
	at net.minecraft.recipe.ShapedRecipe.method_17878(ShapedRecipe.java:233) ~[minecraft-1.16.1-mapped-net.fabricmc.yarn-1.16.1+build.10-v2.jar:?]
	at java.util.Optional.orElseThrow(Optional.java:401) ~[?:?]
	at net.minecraft.recipe.ShapedRecipe.getItemStack(ShapedRecipe.java:233) ~[minecraft-1.16.1-mapped-net.fabricmc.yarn-1.16.1+build.10-v2.jar:?]
	at net.minecraft.recipe.ShapedRecipe$Serializer.read(ShapedRecipe.java:254) ~[minecraft-1.16.1-mapped-net.fabricmc.yarn-1.16.1+build.10-v2.jar:?]
	at net.minecraft.recipe.ShapedRecipe$Serializer.read(ShapedRecipe.java:241) ~[minecraft-1.16.1-mapped-net.fabricmc.yarn-1.16.1+build.10-v2.jar:?]
	at net.minecraft.recipe.RecipeManager.deserialize(RecipeManager.java:123) ~[minecraft-1.16.1-mapped-net.fabricmc.yarn-1.16.1+build.10-v2.jar:?]
	at net.minecraft.recipe.RecipeManager.apply(RecipeManager.java:54) ~[minecraft-1.16.1-mapped-net.fabricmc.yarn-1.16.1+build.10-v2.jar:?]
	at net.minecraft.recipe.RecipeManager.apply(RecipeManager.java:35) ~[minecraft-1.16.1-mapped-net.fabricmc.yarn-1.16.1+build.10-v2.jar:?]
	at net.minecraft.resource.SinglePreparationResourceReloadListener.method_18790(SinglePreparationResourceReloadListener.java:13) ~[minecraft-1.16.1-mapped-net.fabricmc.yarn-1.16.1+build.10-v2.jar:?]
	at java.util.concurrent.CompletableFuture$UniAccept.tryFire(CompletableFuture.java:714) ~[?:?]
	at java.util.concurrent.CompletableFuture$Completion.run(CompletableFuture.java:478) ~[?:?]
	at net.minecraft.resource.ResourceReloader.method_18365(ResourceReloader.java:71) ~[minecraft-1.16.1-mapped-net.fabricmc.yarn-1.16.1+build.10-v2.jar:?]
	at net.minecraft.util.thread.ThreadExecutor.executeTask(ThreadExecutor.java:144) ~[minecraft-1.16.1-mapped-net.fabricmc.yarn-1.16.1+build.10-v2.jar:?]
	at net.minecraft.util.thread.ReentrantThreadExecutor.executeTask(ReentrantThreadExecutor.java:23) ~[minecraft-1.16.1-mapped-net.fabricmc.yarn-1.16.1+build.10-v2.jar:?]
	at net.minecraft.util.thread.ThreadExecutor.runTask(ThreadExecutor.java:118) ~[minecraft-1.16.1-mapped-net.fabricmc.yarn-1.16.1+build.10-v2.jar:?]
	at net.minecraft.util.thread.ThreadExecutor.runTasks(ThreadExecutor.java:127) ~[minecraft-1.16.1-mapped-net.fabricmc.yarn-1.16.1+build.10-v2.jar:?]
	at net.minecraft.client.MinecraftClient.method_29604(MinecraftClient.java:1904) ~[minecraft-1.16.1-mapped-net.fabricmc.yarn-1.16.1+build.10-v2.jar:?]
	at net.minecraft.client.MinecraftClient.startIntegratedServer(MinecraftClient.java:1754) ~[minecraft-1.16.1-mapped-net.fabricmc.yarn-1.16.1+build.10-v2.jar:?]
	at net.minecraft.client.MinecraftClient.startIntegratedServer(MinecraftClient.java:1698) ~[minecraft-1.16.1-mapped-net.fabricmc.yarn-1.16.1+build.10-v2.jar:?]
	at net.minecraft.client.gui.screen.world.WorldListWidget$Entry.start(WorldListWidget.java:408) ~[minecraft-1.16.1-mapped-net.fabricmc.yarn-1.16.1+build.10-v2.jar:?]
	at net.minecraft.client.gui.screen.world.WorldListWidget$Entry.play(WorldListWidget.java:319) ~[minecraft-1.16.1-mapped-net.fabricmc.yarn-1.16.1+build.10-v2.jar:?]
	at net.minecraft.client.gui.screen.world.WorldListWidget$Entry.mouseClicked(WorldListWidget.java:256) ~[minecraft-1.16.1-mapped-net.fabricmc.yarn-1.16.1+build.10-v2.jar:?]
	at net.minecraft.client.gui.widget.EntryListWidget.mouseClicked(EntryListWidget.java:331) ~[minecraft-1.16.1-mapped-net.fabricmc.yarn-1.16.1+build.10-v2.jar:?]
	at net.minecraft.client.gui.ParentElement.mouseClicked(ParentElement.java:27) ~[minecraft-1.16.1-mapped-net.fabricmc.yarn-1.16.1+build.10-v2.jar:?]
	at net.minecraft.client.Mouse.method_1611(Mouse.java:92) ~[minecraft-1.16.1-mapped-net.fabricmc.yarn-1.16.1+build.10-v2.jar:?]
	at net.minecraft.client.gui.screen.Screen.wrapScreenError(Screen.java:431) ~[minecraft-1.16.1-mapped-net.fabricmc.yarn-1.16.1+build.10-v2.jar:?]
	at net.minecraft.client.Mouse.onMouseButton(Mouse.java:92) ~[minecraft-1.16.1-mapped-net.fabricmc.yarn-1.16.1+build.10-v2.jar:?]
	at net.minecraft.client.Mouse.method_22686(Mouse.java:162) ~[minecraft-1.16.1-mapped-net.fabricmc.yarn-1.16.1+build.10-v2.jar:?]
	at net.minecraft.util.thread.ThreadExecutor.execute(ThreadExecutor.java:94) ~[minecraft-1.16.1-mapped-net.fabricmc.yarn-1.16.1+build.10-v2.jar:?]
	at net.minecraft.client.Mouse.method_22684(Mouse.java:162) ~[minecraft-1.16.1-mapped-net.fabricmc.yarn-1.16.1+build.10-v2.jar:?]
	at org.lwjgl.glfw.GLFWMouseButtonCallbackI.callback(GLFWMouseButtonCallbackI.java:36) [lwjgl-glfw-3.2.2.jar:build 10]
	at org.lwjgl.system.JNI.invokeV(Native Method) ~[lwjgl-3.2.2.jar:build 10]
	at org.lwjgl.glfw.GLFW.glfwPollEvents(GLFW.java:3101) [lwjgl-glfw-3.2.2.jar:build 10]
	at com.mojang.blaze3d.systems.RenderSystem.flipFrame(RenderSystem.java:109) [minecraft-1.16.1-mapped-net.fabricmc.yarn-1.16.1+build.10-v2.jar:?]
	at net.minecraft.client.util.Window.swapBuffers(Window.java:308) [minecraft-1.16.1-mapped-net.fabricmc.yarn-1.16.1+build.10-v2.jar:?]
	at net.minecraft.client.MinecraftClient.render(MinecraftClient.java:1041) [minecraft-1.16.1-mapped-net.fabricmc.yarn-1.16.1+build.10-v2.jar:?]
	at net.minecraft.client.MinecraftClient.run(MinecraftClient.java:654) [minecraft-1.16.1-mapped-net.fabricmc.yarn-1.16.1+build.10-v2.jar:?]
	at net.minecraft.client.main.Main.main(Main.java:215) [minecraft-1.16.1-mapped-net.fabricmc.yarn-1.16.1+build.10-v2.jar:?]
	at jdk.internal.reflect.NativeMethodAccessorImpl.invoke0(Native Method) ~[?:?]
	at jdk.internal.reflect.NativeMethodAccessorImpl.invoke(NativeMethodAccessorImpl.java:62) ~[?:?]
	at jdk.internal.reflect.DelegatingMethodAccessorImpl.invoke(DelegatingMethodAccessorImpl.java:43) ~[?:?]
	at java.lang.reflect.Method.invoke(Method.java:564) ~[?:?]
	at net.fabricmc.loader.game.MinecraftGameProvider.launch(MinecraftGameProvider.java:192) [fabric-loader-0.8.9+build.203@net.fabricmc.yarn.1_16_1.1.16.1+build.10-v2.jar:?]
	at net.fabricmc.loader.launch.knot.Knot.init(Knot.java:140) [fabric-loader-0.8.9+build.203@net.fabricmc.yarn.1_16_1.1.16.1+build.10-v2.jar:?]
	at net.fabricmc.loader.launch.knot.KnotClient.main(KnotClient.java:26) [fabric-loader-0.8.9+build.203@net.fabricmc.yarn.1_16_1.1.16.1+build.10-v2.jar:?]
	at net.fabricmc.devlaunchinjector.Main.main(Main.java:86) [dev-launch-injector-0.2.1+build.8.jar:?]
[15:34:50] [main/INFO] (Minecraft) Loaded 7 recipes
[15:34:50] [main/INFO] (Minecraft) Loaded 927 advancements
[15:34:51] [main/INFO] (Minecraft) Environment: authHost='https://authserver.mojang.com', accountsHost='https://api.mojang.com', sessionHost='https://sessionserver.mojang.com', name='PROD'
[15:34:51] [Server thread/INFO] (Minecraft) Starting integrated minecraft server version 1.16.1
[15:34:51] [Server thread/INFO] (Minecraft) Generating keypair
[15:34:51] [Server thread/INFO] (Minecraft) Preparing start region for dimension minecraft:overworld
[15:34:52] [main/INFO] (Minecraft) Preparing spawn area: 0%
[15:34:52] [main/INFO] (Minecraft) Preparing spawn area: 0%
[15:34:54] [main/INFO] (Minecraft) Preparing spawn area: 83%
[15:34:54] [main/INFO] (Minecraft) Preparing spawn area: 83%
[15:34:54] [main/INFO] (Minecraft) Preparing spawn area: 83%
[15:34:54] [main/INFO] (Minecraft) Preparing spawn area: 83%
[15:34:54] [main/INFO] (Minecraft) Time elapsed: 2977 ms
[15:34:54] [Server thread/INFO] (Minecraft) Changing view distance to 11, from 10
[15:34:55] [Server thread/INFO] (Minecraft) Player380[local:E:62e94c90] logged in with entity id 233 at (63.21177767274797, 64.0, -58.67245429778091)
[15:34:55] [Server thread/INFO] (Minecraft) Player380 joined the game
[15:34:56] [Server thread/INFO] (Minecraft) Saving and pausing game...
[15:34:56] [Server thread/INFO] (Minecraft) Saving chunks for level 'ServerLevel[New World]'/minecraft:overworld
[15:34:56] [main/INFO] (Minecraft) Loaded 3 advancements
[15:34:56] [Server thread/INFO] (Minecraft) Saving chunks for level 'ServerLevel[New World]'/minecraft:the_nether
[15:34:56] [Server thread/INFO] (Minecraft) Saving chunks for level 'ServerLevel[New World]'/minecraft:the_end
[15:35:29] [Server thread/INFO] (Minecraft) Saving and pausing game...
[15:35:29] [Server thread/INFO] (Minecraft) Saving chunks for level 'ServerLevel[New World]'/minecraft:overworld
[15:35:29] [Server thread/INFO] (Minecraft) Saving chunks for level 'ServerLevel[New World]'/minecraft:the_nether
[15:35:29] [Server thread/INFO] (Minecraft) Saving chunks for level 'ServerLevel[New World]'/minecraft:the_end
[15:35:31] [Server thread/INFO] (Minecraft) Player380 lost connection: Disconnected
[15:35:31] [Server thread/INFO] (Minecraft) Player380 left the game
[15:35:31] [Server thread/INFO] (Minecraft) Stopping singleplayer server as player logged out
[15:35:31] [Server thread/INFO] (Minecraft) Stopping server
[15:35:31] [Server thread/INFO] (Minecraft) Saving players
[15:35:31] [Server thread/INFO] (Minecraft) Saving worlds
[15:35:31] [Server thread/INFO] (Minecraft) Saving chunks for level 'ServerLevel[New World]'/minecraft:overworld
[15:35:31] [Server thread/INFO] (Minecraft) ThreadedAnvilChunkStorage (New World (1)): All chunks are saved
[15:35:31] [Server thread/INFO] (Minecraft) Saving chunks for level 'ServerLevel[New World]'/minecraft:the_nether
[15:35:31] [Server thread/INFO] (Minecraft) ThreadedAnvilChunkStorage (DIM-1): All chunks are saved
[15:35:31] [Server thread/INFO] (Minecraft) Saving chunks for level 'ServerLevel[New World]'/minecraft:the_end
[15:35:31] [Server thread/INFO] (Minecraft) ThreadedAnvilChunkStorage (DIM1): All chunks are saved
[15:35:31] [Server thread/INFO] (Minecraft) ThreadedAnvilChunkStorage (New World (1)): All chunks are saved
[15:35:31] [Server thread/INFO] (Minecraft) ThreadedAnvilChunkStorage (DIM-1): All chunks are saved
[15:35:31] [Server thread/INFO] (Minecraft) ThreadedAnvilChunkStorage (DIM1): All chunks are saved
[15:35:32] [main/INFO] (Minecraft) Stopping!
